[2023-07-05 03:44:03 GMT+1] GET /api/user 401 12 - 0.461 ms
[2023-07-05 03:44:03 GMT+1] GET /refresh 401 12 - 0.313 ms
[2023-07-05 03:44:03 GMT+1] GET /api/user 401 12 - 0.361 ms
[2023-07-05 03:44:03 GMT+1] GET /refresh 401 12 - 0.410 ms
[2023-07-05 03:44:03 GMT+1] GET /api/user 401 12 - 0.286 ms
[2023-07-05 03:44:03 GMT+1] GET /api/user 401 12 - 0.345 ms
[2023-07-05 11:52:36 GMT+1] GET /api/user 401 12 - 2.636 ms
[2023-07-05 11:52:36 GMT+1] GET /api/user 401 12 - 0.516 ms
[2023-07-05 11:52:36 GMT+1] GET /refresh 401 12 - 0.254 ms
[2023-07-05 11:52:36 GMT+1] GET /api/user 401 12 - 0.197 ms
[2023-07-05 11:52:36 GMT+1] GET /refresh 401 12 - 0.352 ms
[2023-07-05 11:52:36 GMT+1] GET /api/user 401 12 - 0.172 ms
[2023-07-05 11:52:49 GMT+1] POST /api/auth 200 236 - 623.104 ms
[2023-07-05 11:52:49 GMT+1] GET /api/user 200 455 - 268.370 ms
[2023-07-05 11:52:49 GMT+1] GET /api/user 304 undefined - 265.374 ms
[2023-07-05 11:52:49 GMT+1] GET /api/user 304 undefined - 265.862 ms
[2023-07-05 11:52:50 GMT+1] GET /api/user 304 undefined - 255.366 ms
[2023-07-05 11:52:50 GMT+1] GET /api/user 304 undefined - 243.150 ms
[2023-07-05 11:52:50 GMT+1] GET /api/user 304 undefined - 249.217 ms
[2023-07-05 11:52:50 GMT+1] GET /api/user 304 undefined - 249.048 ms
[2023-07-05 11:52:59 GMT+1] GET /api/user 304 undefined - 271.056 ms
[2023-07-05 11:52:59 GMT+1] GET /api/user 304 undefined - 362.854 ms
[2023-07-05 11:53:02 GMT+1] GET /api/user 304 undefined - 769.713 ms
[2023-07-05 11:53:02 GMT+1] GET /api/user 304 undefined - 303.631 ms
[2023-07-05 11:53:03 GMT+1] GET /api/user 304 undefined - 266.792 ms
[2023-07-05 11:53:03 GMT+1] GET /api/user 304 undefined - 367.417 ms
[2023-07-05 16:41:27 GMT+1] POST /api/recipe 401 12 - 2.734 ms
[2023-07-05 16:41:44 GMT+1] GET /api/recipe 401 25 - 1506.959 ms
[2023-07-05 16:43:15 GMT+1] POST /api/register 200 35 - 58117.257 ms
[2023-07-05 16:43:35 GMT+1] POST /api/auth 200 236 - 619.786 ms
[2023-07-05 16:43:47 GMT+1] GET /api/user 500 1935 - 1.549 ms
[2023-07-05 16:44:02 GMT+1] GET /api/user 500 1935 - 0.621 ms
[2023-07-05 16:44:11 GMT+1] GET /api/user 500 1935 - 0.486 ms
[2023-07-05 16:44:59 GMT+1] GET /api/users 401 22 - 0.627 ms
[2023-07-05 16:45:09 GMT+1] GET /api/users 401 22 - 0.362 ms
[2023-07-05 16:45:56 GMT+1] GET /api/recipe 401 25 - 2435.827 ms
[2023-07-05 16:46:26 GMT+1] GET /api/recipe 401 25 - 1266.576 ms
[2023-07-05 16:46:37 GMT+1] GET /api/recipe 401 25 - 304.388 ms
[2023-07-05 16:47:10 GMT+1] GET /api/recipe 401 25 - 319.132 ms
[2023-07-05 16:50:50 GMT+1] GET /api/recipe 401 25 - 334.876 ms
[2023-07-05 16:52:55 GMT+1] GET /api/recipe 200 14 - 264.746 ms
[2023-07-05 16:55:03 GMT+1] GET /api/recipe 401 25 - 3209.956 ms
[2023-07-05 16:55:37 GMT+1] GET /api/recipe 401 25 - 319.095 ms
[2023-07-05 16:56:16 GMT+1] GET /api/recipe 401 25 - 1152.861 ms
[2023-07-05 16:56:28 GMT+1] GET /api/users 401 22 - 0.323 ms
[2023-07-05 16:56:41 GMT+1] POST /api/auth 200 236 - 6671.338 ms
[2023-07-05 16:56:59 GMT+1] GET /api/user 500 1935 - 1.735 ms
[2023-07-05 16:57:17 GMT+1] GET /api/users 401 22 - 0.228 ms
[2023-07-05 16:58:08 GMT+1] GET /api/recipe 401 25 - 334.210 ms
[2023-07-05 16:58:10 GMT+1] GET /api/recipe 401 25 - 314.574 ms
[2023-07-05 17:00:04 GMT+1] GET /api/recipe 401 25 - 333.428 ms
[2023-07-05 17:00:16 GMT+1] GET /api/recipe 401 25 - 313.787 ms
[2023-07-05 17:00:25 GMT+1] GET /api/recipe 401 26 - 255.452 ms
[2023-07-05 17:00:31 GMT+1] GET /api/recipe 500 12 - 263.570 ms
[2023-07-05 17:00:36 GMT+1] GET /api/recipe 401 25 - 878.416 ms
[2023-07-05 17:01:15 GMT+1] GET /api/recipe 401 25 - 321.659 ms
[2023-07-05 17:01:20 GMT+1] GET /api/recipe 401 25 - 310.161 ms
[2023-07-05 17:09:08 GMT+1] GET /api/recipes 401 25 - 326.880 ms
[2023-07-05 17:10:52 GMT+1] POST /api/register 200 35 - 63739.390 ms
[2023-07-05 17:33:04 GMT+1] POST /api/auth 200 236 - 1172.393 ms
[2023-07-05 17:33:59 GMT+1] GET /api/recipes 401 25 - 1869.731 ms
[2023-07-05 17:35:21 GMT+1] GET /api/recipes 401 25 - 2159.508 ms
[2023-07-05 17:35:33 GMT+1] GET /api/recipes 401 25 - 322.508 ms
[2023-07-05 17:38:24 GMT+1] GET /api/recipes 401 25 - 962.528 ms
[2023-07-05 17:42:22 GMT+1] GET /api/recipes 401 25 - 934.259 ms
[2023-07-05 18:00:39 GMT+1] POST /api/recipe 401 12 - 2.018 ms
[2023-07-05 18:23:11 GMT+1] GET /api/user 500 1935 - 1.932 ms
[2023-07-05 18:23:15 GMT+1] GET /api/user 401 12 - 0.227 ms
[2023-07-05 18:23:46 GMT+1] GET /api/users 401 22 - 0.850 ms
[2023-07-05 18:23:53 GMT+1] GET /api/users 401 22 - 0.612 ms
